<?xml version="1.0" encoding="UTF-8"?>
<!-- Generated by org.testng.reporters.JUnitReportReporter -->
<testsuite hostname="THINK" name="tests.TestNGTests" tests="1" failures="0" timestamp="1 Feb 2024 21:52:42 GMT" time="35.411" errors="0">
  <testcase name="secondTest" time="35.411" classname="tests.TestNGTests"/>
</testsuite> <!-- tests.TestNGTests -->
